The system is: Windows - 10.0.19045 - AMD64
Compiling the C compiler identification source file "CMakeCCompilerId.c" succeeded.
Compiler: C:/Program Files (x86)/mingw-w64/i686-8.1.0-posix-dwarf-rt_v6-rev0/mingw32/bin/gcc.exe 
Build flags: 
Id flags:  

The output was:
0


Compilation of the C compiler identification source "CMakeCCompilerId.c" produced "a.exe"

The C compiler identification is GNU, found in "D:/Computer and Systems Engineering/7th Semster/Compilers/Project/Compiler/lexical_analyzer/cmake-build-debug/CMakeFiles/3.22.3/CompilerIdC/a.exe"

Compiling the CXX compiler identification source file "CMakeCXXCompilerId.cpp" succeeded.
Compiler: C:/Program Files (x86)/mingw-w64/i686-8.1.0-posix-dwarf-rt_v6-rev0/mingw32/bin/c++.exe 
Build flags: 
Id flags:  

The output was:
0


Compilation of the CXX compiler identification source "CMakeCXXCompilerId.cpp" produced "a.exe"

The CXX compiler identification is GNU, found in "D:/Computer and Systems Engineering/7th Semster/Compilers/Project/Compiler/lexical_analyzer/cmake-build-debug/CMakeFiles/3.22.3/CompilerIdCXX/a.exe"

Determining if the C compiler works passed with the following output:
Change Dir: D:/Computer and Systems Engineering/7th Semster/Compilers/Project/Compiler/lexical_analyzer/cmake-build-debug/CMakeFiles/CMakeTmp

Run Build Command(s):C:/Program Files/JetBrains/CLion 2020.3.1/bin/ninja/win/ninja.exe cmTC_377a1 && [1/2] Building C object CMakeFiles/cmTC_377a1.dir/testCCompiler.c.obj
[2/2] Linking C executable cmTC_377a1.exe



Determining if the CXX compiler works passed with the following output:
Change Dir: D:/Computer and Systems Engineering/7th Semster/Compilers/Project/Compiler/lexical_analyzer/cmake-build-debug/CMakeFiles/CMakeTmp

Run Build Command(s):C:/Program Files/JetBrains/CLion 2020.3.1/bin/ninja/win/ninja.exe cmTC_ff9c1 && [1/2] Building CXX object CMakeFiles/cmTC_ff9c1.dir/testCXXCompiler.cxx.obj
[2/2] Linking CXX executable cmTC_ff9c1.exe



